Build started 14/11/2014 13:42:36.
     1>Project "C:\Users\Adam\Documents\Visual Studio 2013\Projects\OpenGL-Data-Visualiser\OGLWin32\OGLWin32.vcxproj" on node 2 (Build target(s)).
     1>ClCompile:
         C:\Program Files (x86)\Microsoft Visual Studio 12.0\VC\bin\CL.exe /c /Zi /nologo /W3 /WX- /O2 /Oi /Oy- /GL /D WIN32 /D NDEBUG /D _WINDOWS /D _UNICODE /D UNICODE /Gm- /EHsc /MD /GS /Gy /fp:precise /Zc:wchar_t /Zc:forScope /Fo"Release\\" /Fd"Release\vc120.pdb" /Gd /TP /analyze- /errorReport:prompt BarChart.cpp
         BarChart.cpp
       Link:
         C:\Program Files (x86)\Microsoft Visual Studio 12.0\VC\bin\link.exe /ERRORREPORT:PROMPT /OUT:"C:\Users\Adam\Documents\Visual Studio 2013\Projects\OpenGL-Data-Visualiser\Release\OGLWin32.exe" /INCREMENTAL:NO /NOLOGO kernel32.lib user32.lib gdi32.lib winspool.lib comdlg32.lib advapi32.lib shell32.lib ole32.lib oleaut32.lib uuid.lib odbc32.lib odbccp32.lib /MANIFEST /MANIFESTUAC:"level='asInvoker' uiAccess='false'" /manifest:embed /DEBUG /PDB:"C:\Users\Adam\Documents\Visual Studio 2013\Projects\OpenGL-Data-Visualiser\Release\OGLWin32.pdb" /SUBSYSTEM:WINDOWS /OPT:REF /OPT:ICF /LTCG /TLBID:1 /ENTRY:"_tWinMain" /DYNAMICBASE /NXCOMPAT /IMPLIB:"C:\Users\Adam\Documents\Visual Studio 2013\Projects\OpenGL-Data-Visualiser\Release\OGLWin32.lib" /MACHINE:X86 /SAFESEH Release\OGLWin32.res
         Release\Bar2D.obj
         Release\BarChart.obj
         Release\OGLApplication.obj
         Release\OGLRectangle.obj
         Release\OGLWin32.obj
         Release\OGLWindow.obj
         Release\Vector2D.obj
         Release\Vector3f.obj
         Generating code
         Finished generating code
     1>msvcprt.lib(locale0_implib.obj) : warning LNK4210: .CRT section exists; there may be unhandled static initializers or terminators
     1>Bar2D.obj : warning LNK4210: .CRT section exists; there may be unhandled static initializers or terminators
     1>MSVCRT.lib(atonexit.obj) : warning LNK4210: .CRT section exists; there may be unhandled static initializers or terminators
         OGLWin32.vcxproj -> C:\Users\Adam\Documents\Visual Studio 2013\Projects\OpenGL-Data-Visualiser\Release\OGLWin32.exe
     1>Done Building Project "C:\Users\Adam\Documents\Visual Studio 2013\Projects\OpenGL-Data-Visualiser\OGLWin32\OGLWin32.vcxproj" (Build target(s)).

Build succeeded.

Time Elapsed 00:00:00.95
